<?xml version="1.0" encoding="UTF-8"?>
<!-- Generated by org.testng.reporters.JUnitXMLReporter -->
<testsuite ignored="0" hostname="Dilip_PC" failures="0" tests="7" name="Surefire test" time="32.826" errors="0" timestamp="2024-05-04T14:27:35 GST">
  <testcase classname="com.crm.qa.testcases.CheckoutPageTest" name="verifyCheckoutPage" time="1.191"/>
  <testcase classname="com.crm.qa.testcases.LoginPageTest" name="loginPageTitleTest" time="0.018"/>
  <testcase classname="com.crm.qa.testcases.LoginPageTest" name="swagLogoImageTest" time="0.047"/>
  <testcase classname="com.crm.qa.testcases.LoginPageTest" name="loginTest" time="0.418"/>
  <testcase classname="com.crm.qa.testcases.LogoutPageTest" name="verifyLogoutPage" time="0.347"/>
  <testcase classname="com.crm.qa.testcases.ProductsPageTest" name="verifyProductsLogo" time="0.058"/>
  <testcase classname="com.crm.qa.testcases.ProductsPageTest" name="AddProductstoCart" time="0.218"/>
</testsuite> <!-- Surefire test -->
