<?xml version="1.0" encoding="UTF-8"?>
<!-- Generated by org.testng.reporters.JUnitXMLReporter -->
<testsuite ignored="0" hostname="Dilip_PC" failures="0" tests="7" name="QAAssignmentAutomation" time="31.405" errors="0" timestamp="2024-05-04T10:15:01 GST">
  <testcase classname="com.crm.qa.testcases.LoginPageTest" name="loginPageTitleTest" time="0.015"/>
  <testcase classname="com.crm.qa.testcases.LoginPageTest" name="swagLogoImageTest" time="0.052"/>
  <testcase classname="com.crm.qa.testcases.LoginPageTest" name="loginTest" time="0.376"/>
  <testcase classname="com.crm.qa.testcases.ProductsPageTest" name="verifyProductsLogo" time="0.026"/>
  <testcase classname="com.crm.qa.testcases.ProductsPageTest" name="AddProductstoCart" time="0.212"/>
  <testcase classname="com.crm.qa.testcases.CheckoutPageTest" name="verifyCheckoutPage" time="0.769"/>
  <testcase classname="com.crm.qa.testcases.LogoutPageTest" name="verifyLogoutPage" time="0.271"/>
</testsuite> <!-- QAAssignmentAutomation -->
