<?xml version="1.0" encoding="UTF-8"?>
<!-- Generated by org.testng.reporters.JUnitXMLReporter -->
<testsuite ignored="0" hostname="Dilip_PC" failures="0" tests="7" name="QAAssignmentAutomation" time="27.794" errors="0" timestamp="2024-05-04T01:44:37 GST">
  <testcase classname="com.crm.qa.testcases.LoginPageTest" name="loginPageTitleTest" time="0.017"/>
  <testcase classname="com.crm.qa.testcases.LoginPageTest" name="swagLogoImageTest" time="0.04"/>
  <testcase classname="com.crm.qa.testcases.LoginPageTest" name="loginTest" time="0.449"/>
  <testcase classname="com.crm.qa.testcases.ProductsPageTest" name="verifyProductsLogo" time="0.039"/>
  <testcase classname="com.crm.qa.testcases.ProductsPageTest" name="AddProductstoCart" time="0.203"/>
  <testcase classname="com.crm.qa.testcases.CheckoutPageTest" name="verifyCheckoutPage" time="0.848"/>
  <testcase classname="com.crm.qa.testcases.LogoutPageTest" name="verifyLogoutPage" time="0.397"/>
</testsuite> <!-- QAAssignmentAutomation -->
